c:\users\sports\documents\visual studio 2017\projects\directx 11\tutorial 49 shadow mapping and transparency\engine\engine\x64\debug\vc141.pdb
c:\users\sports\documents\visual studio 2017\projects\directx 11\tutorial 49 shadow mapping and transparency\engine\engine\x64\debug\vc141.idb
c:\users\sports\documents\visual studio 2017\projects\directx 11\tutorial 49 shadow mapping and transparency\engine\engine\x64\debug\applicationclass.obj
c:\users\sports\documents\visual studio 2017\projects\directx 11\tutorial 49 shadow mapping and transparency\engine\engine\x64\debug\cameraclass.obj
c:\users\sports\documents\visual studio 2017\projects\directx 11\tutorial 49 shadow mapping and transparency\engine\engine\x64\debug\d3dclass.obj
c:\users\sports\documents\visual studio 2017\projects\directx 11\tutorial 49 shadow mapping and transparency\engine\engine\x64\debug\depthshaderclass.obj
c:\users\sports\documents\visual studio 2017\projects\directx 11\tutorial 49 shadow mapping and transparency\engine\engine\x64\debug\inputclass.obj
c:\users\sports\documents\visual studio 2017\projects\directx 11\tutorial 49 shadow mapping and transparency\engine\engine\x64\debug\lightclass.obj
c:\users\sports\documents\visual studio 2017\projects\directx 11\tutorial 49 shadow mapping and transparency\engine\engine\x64\debug\main.obj
c:\users\sports\documents\visual studio 2017\projects\directx 11\tutorial 49 shadow mapping and transparency\engine\engine\x64\debug\modelclass.obj
c:\users\sports\documents\visual studio 2017\projects\directx 11\tutorial 49 shadow mapping and transparency\engine\engine\x64\debug\positionclass.obj
c:\users\sports\documents\visual studio 2017\projects\directx 11\tutorial 49 shadow mapping and transparency\engine\engine\x64\debug\rendertextureclass.obj
c:\users\sports\documents\visual studio 2017\projects\directx 11\tutorial 49 shadow mapping and transparency\engine\engine\x64\debug\shadowshaderclass.obj
c:\users\sports\documents\visual studio 2017\projects\directx 11\tutorial 49 shadow mapping and transparency\engine\engine\x64\debug\systemclass.obj
c:\users\sports\documents\visual studio 2017\projects\directx 11\tutorial 49 shadow mapping and transparency\engine\engine\x64\debug\textureclass.obj
c:\users\sports\documents\visual studio 2017\projects\directx 11\tutorial 49 shadow mapping and transparency\engine\engine\x64\debug\timerclass.obj
c:\users\sports\documents\visual studio 2017\projects\directx 11\tutorial 49 shadow mapping and transparency\engine\engine\x64\debug\transparentdepthshaderclass.obj
c:\users\sports\documents\visual studio 2017\projects\directx 11\tutorial 49 shadow mapping and transparency\engine\engine\x64\debug\treeclass.obj
c:\users\sports\documents\visual studio 2017\projects\directx 11\tutorial 49 shadow mapping and transparency\engine\x64\debug\engine.ilk
c:\users\sports\documents\visual studio 2017\projects\directx 11\tutorial 49 shadow mapping and transparency\engine\x64\debug\engine.exe
c:\users\sports\documents\visual studio 2017\projects\directx 11\tutorial 49 shadow mapping and transparency\engine\x64\debug\engine.pdb
c:\users\sports\documents\visual studio 2017\projects\directx 11\tutorial 49 shadow mapping and transparency\engine\engine\x64\debug\engine.tlog\cl.command.1.tlog
c:\users\sports\documents\visual studio 2017\projects\directx 11\tutorial 49 shadow mapping and transparency\engine\engine\x64\debug\engine.tlog\cl.read.1.tlog
c:\users\sports\documents\visual studio 2017\projects\directx 11\tutorial 49 shadow mapping and transparency\engine\engine\x64\debug\engine.tlog\cl.write.1.tlog
c:\users\sports\documents\visual studio 2017\projects\directx 11\tutorial 49 shadow mapping and transparency\engine\engine\x64\debug\engine.tlog\link.command.1.tlog
c:\users\sports\documents\visual studio 2017\projects\directx 11\tutorial 49 shadow mapping and transparency\engine\engine\x64\debug\engine.tlog\link.read.1.tlog
c:\users\sports\documents\visual studio 2017\projects\directx 11\tutorial 49 shadow mapping and transparency\engine\engine\x64\debug\engine.tlog\link.write.1.tlog
